Vsm/app/build/intermediates/manifest_merge_blame_file/debug/manifest-merger-blame-debug-report.txt
1<?xml version="1.0" encoding="utf-8"?>
2<manifest xmlns:android="http://schemas.android.com/apk/res/android"
3    package="startup.carvaan"
4    android:versionCode="2"
5    android:versionName="1.0" >
6
7    <uses-sdk
8        android:minSdkVersion="21"
8-->src\main\AndroidManifest.xml
9        android:targetSdkVersion="29" />
9-->src\main\AndroidManifest.xml
10
11    <uses-permission android:name="android.permission.INTERNET" />
11-->src\main\AndroidManifest.xml:6:5-67
11-->src\main\AndroidManifest.xml:6:22-64
12    <uses-permission android:name="android.permission.WAKE_LOCK" />
12-->src\main\AndroidManifest.xml:7:5-68
12-->src\main\AndroidManifest.xml:7:22-65
13    <uses-permission android:name="android.permission.INTERNET" />
13-->src\main\AndroidManifest.xml:6:5-67
13-->src\main\AndroidManifest.xml:6:22-64
14    <uses-permission android:name="android.permission.ACCESS_NETWORK_STATE" />
14-->src\main\AndroidManifest.xml:9:5-79
14-->src\main\AndroidManifest.xml:9:22-76
15    <uses-permission android:name="android.permission.WRITE_EXTERNAL_STORAGE" />
15-->src\main\AndroidManifest.xml:10:5-81
15-->src\main\AndroidManifest.xml:10:22-78
16    <uses-permission android:name="android.permission.READ_EXTERNAL_STORAGE" />
16-->src\main\AndroidManifest.xml:11:5-80
16-->src\main\AndroidManifest.xml:11:22-77
17    <uses-permission android:name="android.permission.CAMERA" />
17-->src\main\AndroidManifest.xml:12:5-65
17-->src\main\AndroidManifest.xml:12:22-62
18    <uses-permission android:name="android.permission.WRITE_SETTINGS" /> <!-- Required by older versions of Google Play services to create IID tokens -->
18-->[com.henryblue.mxvideoplayer:xvideoplayer:1.2.1] AndroidManifest.xml:14:5-73
18-->[com.henryblue.mxvideoplayer:xvideoplayer:1.2.1] AndroidManifest.xml:14:22-70
19    <uses-permission android:name="com.google.android.c2dm.permission.RECEIVE" />
19-->[com.google.firebase:firebase-iid:20.0.2] AndroidManifest.xml:26:5-82
19-->[com.google.firebase:firebase-iid:20.0.2] AndroidManifest.xml:26:22-79
20    <uses-permission android:name="com.google.android.finsky.permission.BIND_GET_INSTALL_REFERRER_SERVICE" />
20-->[com.google.android.gms:play-services-measurement:17.2.2] AndroidManifest.xml:26:5-110
20-->[com.google.android.gms:play-services-measurement:17.2.2] AndroidManifest.xml:26:22-107
21
22    <application
22-->src\main\AndroidManifest.xml:14:5-69:19
23        android:allowBackup="true"
23-->src\main\AndroidManifest.xml:15:9-35
24        android:appComponentFactory="androidx.core.app.CoreComponentFactory"
24-->[androidx.core:core:1.1.0] AndroidManifest.xml:24:18-86
25        android:debuggable="true"
26        android:hardwareAccelerated="false"
26-->src\main\AndroidManifest.xml:17:9-44
27        android:icon="@drawable/vsm_logo"
27-->src\main\AndroidManifest.xml:16:9-42
28        android:label="@string/app_name"
28-->src\main\AndroidManifest.xml:19:9-41
29        android:largeHeap="true"
29-->src\main\AndroidManifest.xml:18:9-33
30        android:roundIcon="@drawable/vsm_logo"
30-->src\main\AndroidManifest.xml:20:9-47
31        android:supportsRtl="true"
31-->src\main\AndroidManifest.xml:21:9-35
32        android:testOnly="true"
33        android:theme="@style/AppTheme" >
33-->src\main\AndroidManifest.xml:22:9-40
34        <activity android:name="startup.carvaan.Main_Fragments.PaymentActivity" />
34-->src\main\AndroidManifest.xml:24:9-92
34-->src\main\AndroidManifest.xml:24:19-80
35        <activity android:name="startup.carvaan.Main_Activities.AboutShare" />
35-->src\main\AndroidManifest.xml:25:9-57
35-->src\main\AndroidManifest.xml:25:19-45
36        <activity android:name="startup.carvaan.Main_Activities.ForgotPasswordActivity" >
36-->src\main\AndroidManifest.xml:26:9-28:20
36-->src\main\AndroidManifest.xml:26:19-57
37        </activity>
38        <activity
38-->src\main\AndroidManifest.xml:29:9-34:20
39            android:name="startup.carvaan.Main_Activities.SplashScreen"
39-->src\main\AndroidManifest.xml:30:13-41
40            android:configChanges="orientation|keyboardHidden"
40-->src\main\AndroidManifest.xml:31:13-63
41            android:theme="@style/FullScreen" >
41-->src\main\AndroidManifest.xml:32:13-46
42        </activity>
43        <activity android:name="startup.carvaan.Main_Activities.RegisterActivity" />
43-->src\main\AndroidManifest.xml:35:9-54
43-->src\main\AndroidManifest.xml:35:19-51
44        <activity
44-->src\main\AndroidManifest.xml:36:9-38:49
45            android:name="startup.carvaan.Main_Activities.LoginActivity"
45-->src\main\AndroidManifest.xml:37:13-42
46            android:theme="@style/FullScreen" />
46-->src\main\AndroidManifest.xml:38:13-46
47        <activity android:name="startup.carvaan.Main_Activities.MainActivity" >
47-->src\main\AndroidManifest.xml:39:9-45:20
47-->src\main\AndroidManifest.xml:39:19-47
48            <intent-filter>
48-->src\main\AndroidManifest.xml:40:13-44:29
49                <action android:name="android.intent.action.MAIN" />
49-->src\main\AndroidManifest.xml:41:17-69
49-->src\main\AndroidManifest.xml:41:25-66
50
51                <category android:name="android.intent.category.LAUNCHER" />
51-->src\main\AndroidManifest.xml:43:17-77
51-->src\main\AndroidManifest.xml:43:27-74
52            </intent-filter>
53        </activity>
54
55        <meta-data
55-->src\main\AndroidManifest.xml:47:9-49:70
56            android:name="com.google.android.gms.ads.APPLICATION_ID"
56-->src\main\AndroidManifest.xml:48:13-69
57            android:value="ca-app-pub-1372656325166770~1018059934" />
57-->src\main\AndroidManifest.xml:49:13-67
58        <meta-data
58-->src\main\AndroidManifest.xml:50:9-52:57
59            android:name="preloaded_fonts"
59-->src\main\AndroidManifest.xml:51:13-43
60            android:resource="@array/preloaded_fonts" />
60-->src\main\AndroidManifest.xml:52:13-54
61        <meta-data
61-->src\main\AndroidManifest.xml:53:9-55:69
62            android:name="com.google.android.gms.version"
62-->src\main\AndroidManifest.xml:54:13-58
63            android:value="@integer/google_play_services_version" />
63-->src\main\AndroidManifest.xml:55:13-66
64
65        <provider
66            android:name="androidx.core.content.FileProvider"
66-->src\main\AndroidManifest.xml:58:13-62
67            android:authorities="startup.carvaan.attachmentmanager"
67-->src\main\AndroidManifest.xml:59:13-69
68            android:exported="false"
68-->src\main\AndroidManifest.xml:60:13-37
69            android:grantUriPermissions="true" >
69-->src\main\AndroidManifest.xml:61:13-47
70            <meta-data
70-->src\main\AndroidManifest.xml:63:13-66:52
71                android:name="android.support.FILE_PROVIDER_PATHS"
71-->src\main\AndroidManifest.xml:64:17-67
72                android:resource="@xml/file_provider" />
72-->src\main\AndroidManifest.xml:65:17-54
73        </provider>
74
75        <activity
75-->[com.google.firebase:firebase-auth:19.3.1] AndroidManifest.xml:24:9-31:50
76            android:name="com.google.firebase.auth.internal.FederatedSignInActivity"
76-->[com.google.firebase:firebase-auth:19.3.1] AndroidManifest.xml:25:13-85
77            android:excludeFromRecents="true"
77-->[com.google.firebase:firebase-auth:19.3.1] AndroidManifest.xml:26:13-46
78            android:exported="true"
78-->[com.google.firebase:firebase-auth:19.3.1] AndroidManifest.xml:27:13-36
79            android:launchMode="singleTask"
79-->[com.google.firebase:firebase-auth:19.3.1] AndroidManifest.xml:28:13-44
80            android:permission="com.google.firebase.auth.api.gms.permission.LAUNCH_FEDERATED_SIGN_IN"
80-->[com.google.firebase:firebase-auth:19.3.1] AndroidManifest.xml:29:13-102
81            android:theme="@android:style/Theme.Translucent.NoTitleBar" />
81-->[com.google.firebase:firebase-auth:19.3.1] AndroidManifest.xml:30:13-72
82
83        <service
83-->[com.google.firebase:firebase-auth:19.3.1] AndroidManifest.xml:33:9-39:19
84            android:name="com.google.firebase.components.ComponentDiscoveryService"
84-->[com.google.firebase:firebase-auth:19.3.1] AndroidManifest.xml:34:13-84
85            android:directBootAware="true"
85-->[com.google.firebase:firebase-common:19.3.0] AndroidManifest.xml:34:13-43
86            android:exported="false" >
86-->[com.google.firebase:firebase-auth:19.3.1] AndroidManifest.xml:35:13-37
87            <meta-data
87-->[com.google.firebase:firebase-auth:19.3.1] AndroidManifest.xml:36:13-38:85
88                android:name="com.google.firebase.components:com.google.firebase.auth.FirebaseAuthRegistrar"
88-->[com.google.firebase:firebase-auth:19.3.1] AndroidManifest.xml:37:17-109
89                android:value="com.google.firebase.components.ComponentRegistrar" />
89-->[com.google.firebase:firebase-auth:19.3.1] AndroidManifest.xml:38:17-82
90            <meta-data
90-->[com.google.firebase:firebase-firestore:17.1.4] AndroidManifest.xml:15:13-17:85
91                android:name="com.google.firebase.components:com.google.firebase.firestore.FirestoreRegistrar"
91-->[com.google.firebase:firebase-firestore:17.1.4] AndroidManifest.xml:16:17-111
92                android:value="com.google.firebase.components.ComponentRegistrar" />
92-->[com.google.firebase:firebase-firestore:17.1.4] AndroidManifest.xml:17:17-82
93            <meta-data
93-->[com.google.android.gms:play-services-measurement-api:17.2.2] AndroidManifest.xml:30:13-32:85
94                android:name="com.google.firebase.components:com.google.firebase.analytics.connector.internal.AnalyticsConnectorRegistrar"
94-->[com.google.android.gms:play-services-measurement-api:17.2.2] AndroidManifest.xml:31:17-139
95                android:value="com.google.firebase.components.ComponentRegistrar" />
95-->[com.google.android.gms:play-services-measurement-api:17.2.2] AndroidManifest.xml:32:17-82
96            <meta-data
96-->[com.google.firebase:firebase-iid:20.0.2] AndroidManifest.xml:32:13-34:85
97                android:name="com.google.firebase.components:com.google.firebase.iid.Registrar"
97-->[com.google.firebase:firebase-iid:20.0.2] AndroidManifest.xml:33:17-96
98                android:value="com.google.firebase.components.ComponentRegistrar" />
98-->[com.google.firebase:firebase-iid:20.0.2] AndroidManifest.xml:34:17-82
99        </service>
100
101        <provider
101-->[com.squareup.picasso:picasso:2.71828] AndroidManifest.xml:8:9-11:40
102            android:name="com.squareup.picasso.PicassoProvider"
102-->[com.squareup.picasso:picasso:2.71828] AndroidManifest.xml:9:13-64
103            android:authorities="startup.carvaan.com.squareup.picasso"
103-->[com.squareup.picasso:picasso:2.71828] AndroidManifest.xml:10:13-72
104            android:exported="false" />
104-->[com.squareup.picasso:picasso:2.71828] AndroidManifest.xml:11:13-37
105
106        <activity
106-->[com.google.android.gms:play-services-auth:18.0.0] AndroidManifest.xml:23:9-27:75
107            android:name="com.google.android.gms.auth.api.signin.internal.SignInHubActivity"
107-->[com.google.android.gms:play-services-auth:18.0.0] AndroidManifest.xml:24:13-93
108            android:excludeFromRecents="true"
108-->[com.google.android.gms:play-services-auth:18.0.0] AndroidManifest.xml:25:13-46
109            android:exported="false"
109-->[com.google.android.gms:play-services-auth:18.0.0] AndroidManifest.xml:26:13-37
110            android:theme="@android:style/Theme.Translucent.NoTitleBar" />
110-->[com.google.android.gms:play-services-auth:18.0.0] AndroidManifest.xml:27:13-72
111        <!--
112            Service handling Google Sign-In user revocation. For apps that do not integrate with
113            Google Sign-In, this service will never be started.
114        -->
115        <service
115-->[com.google.android.gms:play-services-auth:18.0.0] AndroidManifest.xml:33:9-36:110
116            android:name="com.google.android.gms.auth.api.signin.RevocationBoundService"
116-->[com.google.android.gms:play-services-auth:18.0.0] AndroidManifest.xml:34:13-89
117            android:exported="true"
117-->[com.google.android.gms:play-services-auth:18.0.0] AndroidManifest.xml:35:13-36
118            android:permission="com.google.android.gms.auth.api.signin.permission.REVOCATION_NOTIFICATION" />
118-->[com.google.android.gms:play-services-auth:18.0.0] AndroidManifest.xml:36:13-107
119
120        <activity
120-->[:cashfreesdk-1.4.9.8-release] AndroidManifest.xml:20:9-22:72
121            android:name="com.gocashfree.cashfreesdk.ui.web_checkout.CFPaymentActivity"
121-->[:cashfreesdk-1.4.9.8-release] AndroidManifest.xml:21:13-88
122            android:theme="@style/Theme.AppCompat.Light.NoActionBar" />
122-->[:cashfreesdk-1.4.9.8-release] AndroidManifest.xml:22:13-69
123        <activity
123-->[:cashfreesdk-1.4.9.8-release] AndroidManifest.xml:23:9-25:66
124            android:name="com.gocashfree.cashfreesdk.ui.upi.CFUPIPaymentActivity"
124-->[:cashfreesdk-1.4.9.8-release] AndroidManifest.xml:24:13-82
125            android:theme="@style/Theme.AppCompat.Translucent" />
125-->[:cashfreesdk-1.4.9.8-release] AndroidManifest.xml:25:13-63
126        <activity
126-->[:cashfreesdk-1.4.9.8-release] AndroidManifest.xml:26:9-28:66
127            android:name="com.gocashfree.cashfreesdk.ui.amazonpay.AmazonPayActivity"
127-->[:cashfreesdk-1.4.9.8-release] AndroidManifest.xml:27:13-85
128            android:theme="@style/Theme.AppCompat.Translucent" />
128-->[:cashfreesdk-1.4.9.8-release] AndroidManifest.xml:28:13-63
129        <activity
129-->[:cashfreesdk-1.4.9.8-release] AndroidManifest.xml:29:9-31:66
130            android:name="com.gocashfree.cashfreesdk.ui.gpay.GooglePayActivity"
130-->[:cashfreesdk-1.4.9.8-release] AndroidManifest.xml:30:13-80
131            android:theme="@style/Theme.AppCompat.Translucent" />
131-->[:cashfreesdk-1.4.9.8-release] AndroidManifest.xml:31:13-63
132        <activity
132-->[:cashfreesdk-1.4.9.8-release] AndroidManifest.xml:32:9-34:66
133            android:name="com.gocashfree.cashfreesdk.ui.phonepe.CFPhonePayActivity"
133-->[:cashfreesdk-1.4.9.8-release] AndroidManifest.xml:33:13-84
134            android:theme="@style/Theme.AppCompat.Translucent" />
134-->[:cashfreesdk-1.4.9.8-release] AndroidManifest.xml:34:13-63
135
136        <receiver
136-->[com.google.firebase:firebase-iid:20.0.2] AndroidManifest.xml:37:9-44:20
137            android:name="com.google.firebase.iid.FirebaseInstanceIdReceiver"
137-->[com.google.firebase:firebase-iid:20.0.2] AndroidManifest.xml:38:13-78
138            android:exported="true"
138-->[com.google.firebase:firebase-iid:20.0.2] AndroidManifest.xml:39:13-36
139            android:permission="com.google.android.c2dm.permission.SEND" >
139-->[com.google.firebase:firebase-iid:20.0.2] AndroidManifest.xml:40:13-73
140            <intent-filter>
140-->[com.google.firebase:firebase-iid:20.0.2] AndroidManifest.xml:41:13-43:29
141                <action android:name="com.google.android.c2dm.intent.RECEIVE" />
141-->[com.google.firebase:firebase-iid:20.0.2] AndroidManifest.xml:42:17-81
141-->[com.google.firebase:firebase-iid:20.0.2] AndroidManifest.xml:42:25-78
142            </intent-filter>
143        </receiver>
144
145        <activity
145-->[com.google.android.gms:play-services-base:17.1.0] AndroidManifest.xml:23:9-26:75
146            android:name="com.google.android.gms.common.api.GoogleApiActivity"
146-->[com.google.android.gms:play-services-base:17.1.0] AndroidManifest.xml:24:13-79
147            android:exported="false"
147-->[com.google.android.gms:play-services-base:17.1.0] AndroidManifest.xml:25:13-37
148            android:theme="@android:style/Theme.Translucent.NoTitleBar" />
148-->[com.google.android.gms:play-services-base:17.1.0] AndroidManifest.xml:26:13-72
149
150        <provider
150-->[com.google.firebase:firebase-common:19.3.0] AndroidManifest.xml:26:9-30:39
151            android:name="com.google.firebase.provider.FirebaseInitProvider"
151-->[com.google.firebase:firebase-common:19.3.0] AndroidManifest.xml:27:13-77
152            android:authorities="startup.carvaan.firebaseinitprovider"
152-->[com.google.firebase:firebase-common:19.3.0] AndroidManifest.xml:28:13-72
153            android:exported="false"
153-->[com.google.firebase:firebase-common:19.3.0] AndroidManifest.xml:29:13-37
154            android:initOrder="100" />
154-->[com.google.firebase:firebase-common:19.3.0] AndroidManifest.xml:30:13-36
155
156        <receiver
156-->[com.google.android.gms:play-services-measurement:17.2.2] AndroidManifest.xml:29:9-33:20
157            android:name="com.google.android.gms.measurement.AppMeasurementReceiver"
157-->[com.google.android.gms:play-services-measurement:17.2.2] AndroidManifest.xml:30:13-85
158            android:enabled="true"
158-->[com.google.android.gms:play-services-measurement:17.2.2] AndroidManifest.xml:31:13-35
159            android:exported="false" >
159-->[com.google.android.gms:play-services-measurement:17.2.2] AndroidManifest.xml:32:13-37
160        </receiver>
161        <receiver
161-->[com.google.android.gms:play-services-measurement:17.2.2] AndroidManifest.xml:34:9-42:20
162            android:name="com.google.android.gms.measurement.AppMeasurementInstallReferrerReceiver"
162-->[com.google.android.gms:play-services-measurement:17.2.2] AndroidManifest.xml:35:13-100
163            android:enabled="true"
163-->[com.google.android.gms:play-services-measurement:17.2.2] AndroidManifest.xml:36:13-35
164            android:exported="true"
164-->[com.google.android.gms:play-services-measurement:17.2.2] AndroidManifest.xml:37:13-36
165            android:permission="android.permission.INSTALL_PACKAGES" >
165-->[com.google.android.gms:play-services-measurement:17.2.2] AndroidManifest.xml:38:13-69
166            <intent-filter>
166-->[com.google.android.gms:play-services-measurement:17.2.2] AndroidManifest.xml:39:13-41:29
167                <action android:name="com.android.vending.INSTALL_REFERRER" />
167-->[com.google.android.gms:play-services-measurement:17.2.2] AndroidManifest.xml:40:17-79
167-->[com.google.android.gms:play-services-measurement:17.2.2] AndroidManifest.xml:40:25-76
168            </intent-filter>
169        </receiver>
170
171        <service
171-->[com.google.android.gms:play-services-measurement:17.2.2] AndroidManifest.xml:44:9-47:40
172            android:name="com.google.android.gms.measurement.AppMeasurementService"
172-->[com.google.android.gms:play-services-measurement:17.2.2] AndroidManifest.xml:45:13-84
173            android:enabled="true"
173-->[com.google.android.gms:play-services-measurement:17.2.2] AndroidManifest.xml:46:13-35
174            android:exported="false" />
174-->[com.google.android.gms:play-services-measurement:17.2.2] AndroidManifest.xml:47:13-37
175        <service
175-->[com.google.android.gms:play-services-measurement:17.2.2] AndroidManifest.xml:48:9-52:72
176            android:name="com.google.android.gms.measurement.AppMeasurementJobService"
176-->[com.google.android.gms:play-services-measurement:17.2.2] AndroidManifest.xml:49:13-87
177            android:enabled="true"
177-->[com.google.android.gms:play-services-measurement:17.2.2] AndroidManifest.xml:50:13-35
178            android:exported="false"
178-->[com.google.android.gms:play-services-measurement:17.2.2] AndroidManifest.xml:51:13-37
179            android:permission="android.permission.BIND_JOB_SERVICE" /> <!-- Include the AdActivity and InAppPurchaseActivity configChanges and themes. -->
179-->[com.google.android.gms:play-services-measurement:17.2.2] AndroidManifest.xml:52:13-69
180        <activity
180-->[com.google.android.gms:play-services-ads-lite:19.1.0] AndroidManifest.xml:29:9-33:64
181            android:name="com.google.android.gms.ads.AdActivity"
181-->[com.google.android.gms:play-services-ads-lite:19.1.0] AndroidManifest.xml:30:13-65
182            android:configChanges="keyboard|keyboardHidden|orientation|screenLayout|uiMode|screenSize|smallestScreenSize"
182-->[com.google.android.gms:play-services-ads-lite:19.1.0] AndroidManifest.xml:31:13-122
183            android:exported="false"
183-->[com.google.android.gms:play-services-ads-lite:19.1.0] AndroidManifest.xml:32:13-37
184            android:theme="@android:style/Theme.Translucent" />
184-->[com.google.android.gms:play-services-ads-lite:19.1.0] AndroidManifest.xml:33:13-61
185
186        <provider
186-->[com.google.android.gms:play-services-ads-lite:19.1.0] AndroidManifest.xml:35:9-39:39
187            android:name="com.google.android.gms.ads.MobileAdsInitProvider"
187-->[com.google.android.gms:play-services-ads-lite:19.1.0] AndroidManifest.xml:36:13-76
188            android:authorities="startup.carvaan.mobileadsinitprovider"
188-->[com.google.android.gms:play-services-ads-lite:19.1.0] AndroidManifest.xml:37:13-73
189            android:exported="false"
189-->[com.google.android.gms:play-services-ads-lite:19.1.0] AndroidManifest.xml:38:13-37
190            android:initOrder="100" />
190-->[com.google.android.gms:play-services-ads-lite:19.1.0] AndroidManifest.xml:39:13-36
191    </application>
192
193</manifest>